{"C:\\Users\\Adm\\Desktop\\Обучение\\Project first GitHub Action\\src\\DZ7_FirstWorkWithElements.js": {"path":"C:\\Users\\Adm\\Desktop\\Обучение\\Project first GitHub Action\\src\\DZ7_FirstWorkWithElements.js","statementMap":{"0":{"start":{"line":4,"column":2},"end":{"line":10,"column":2}},"1":{"start":{"line":13,"column":16},"end":{"line":13,"column":41}},"2":{"start":{"line":14,"column":17},"end":{"line":14,"column":43}},"3":{"start":{"line":16,"column":2},"end":{"line":18,"column":5}},"4":{"start":{"line":17,"column":4},"end":{"line":17,"column":33}},"5":{"start":{"line":20,"column":2},"end":{"line":32,"column":5}},"6":{"start":{"line":21,"column":17},"end":{"line":21,"column":44}},"7":{"start":{"line":22,"column":4},"end":{"line":22,"column":33}},"8":{"start":{"line":23,"column":4},"end":{"line":23,"column":35}},"9":{"start":{"line":24,"column":4},"end":{"line":24,"column":25}},"10":{"start":{"line":25,"column":4},"end":{"line":25,"column":21}},"11":{"start":{"line":26,"column":4},"end":{"line":26,"column":25}},"12":{"start":{"line":28,"column":18},"end":{"line":28,"column":42}},"13":{"start":{"line":29,"column":4},"end":{"line":31,"column":5}},"14":{"start":{"line":30,"column":6},"end":{"line":30,"column":24}}},"fnMap":{"0":{"name":"pApp","decl":{"start":{"line":3,"column":16},"end":{"line":3,"column":20}},"loc":{"start":{"line":3,"column":25},"end":{"line":33,"column":1}},"line":3},"1":{"name":"(anonymous_1)","decl":{"start":{"line":16,"column":34},"end":{"line":16,"column":35}},"loc":{"start":{"line":16,"column":40},"end":{"line":18,"column":3}},"line":16},"2":{"name":"(anonymous_2)","decl":{"start":{"line":20,"column":35},"end":{"line":20,"column":36}},"loc":{"start":{"line":20,"column":41},"end":{"line":32,"column":3}},"line":20}},"branchMap":{"0":{"loc":{"start":{"line":29,"column":4},"end":{"line":31,"column":5}},"type":"if","locations":[{"start":{"line":29,"column":4},"end":{"line":31,"column":5}},{"start":{},"end":{}}],"line":29}},"s":{"0":9,"1":9,"2":9,"3":9,"4":18,"5":9,"6":15,"7":15,"8":15,"9":15,"10":15,"11":15,"12":15,"13":15,"14":6},"f":{"0":9,"1":18,"2":15},"b":{"0":[6,9]},"_coverageSchema":"1a1c01bbd47fc00a2c39e90264f33305004495a9","hash":"358197d075cd77ef71333dfe65a5579781634dfe"}
}
